2024-05-19 11:48:37,137 [INFO] Activator:176 - 


2024-05-19 11:48:37,139 [INFO] Activator:177 - !SESSION log4j initialized
2024-05-19 11:48:40,474 [INFO] LogOutputStream:77 - [STDOUT_REDIRECT] 
2024-05-19 11:48:47,621 [INFO] ApplicationProperties:184 - Using Application install path: C:\ST\STM32CubeIDE_1.14.1\STM32CubeIDE\plugins\com.st.stm32cube.common.mx_6.10.0.202311202037
2024-05-19 11:48:47,642 [INFO] DbMcusXml:78 - Set database path to: C:\ST\STM32CubeIDE_1.14.1\STM32CubeIDE\plugins\com.st.stm32cube.common.mx_6.10.0.202311202037\\db\/mcu/
2024-05-19 11:48:47,642 [INFO] ApiDb:274 - Set plugin database path to: C:\ST\STM32CubeIDE_1.14.1\STM32CubeIDE\plugins\com.st.stm32cube.common.mx_6.10.0.202311202037\\db\/plugins/boardmanager/
2024-05-19 11:48:47,643 [WARN] ApiDb:259 - Overriding images path with different value:  => C:\ST\STM32CubeIDE_1.14.1\STM32CubeIDE\plugins\com.st.stm32cube.common.mx_6.10.0.202311202037\\db\/plugins/mcufinder/images/
2024-05-19 11:48:47,661 [INFO] ApiDb:250 - Set database path to: C:\Users\kuba\.stmcufinder\plugins\mcufinder//mcu/
2024-05-19 11:48:47,662 [INFO] DbMcusAds:125 - Set database path to: C:\Users\kuba\.stmcufinder\plugins\mcufinder//mcu/
2024-05-19 11:48:47,665 [INFO] CrossReferenceDbSqlite:203 - Set database path to: C:\Users\kuba\.stmcufinder\plugins\mcufinder//mcu/cs/
2024-05-19 11:48:47,789 [INFO] RulesReader:64 - Compatibility file has been processed (297 Rules)
2024-05-19 11:48:47,886 [INFO] DbMcusXml:78 - Set database path to: C:\ST\STM32CubeIDE_1.14.1\STM32CubeIDE\plugins\com.st.stm32cube.common.mx_6.10.0.202311202037\\db\/mcu/
2024-05-19 11:48:47,887 [INFO] ApiDb:274 - Set plugin database path to: C:\ST\STM32CubeIDE_1.14.1\STM32CubeIDE\plugins\com.st.stm32cube.common.mx_6.10.0.202311202037\\db\/plugins/boardmanager/
2024-05-19 11:48:47,887 [INFO] ApiDb:261 - Set plugin images path to: C:\ST\STM32CubeIDE_1.14.1\STM32CubeIDE\plugins\com.st.stm32cube.common.mx_6.10.0.202311202037\\db\/plugins/mcufinder/images/
2024-05-19 11:48:47,887 [WARN] DbFile:41 - Overriding database path with different value: C:\Users\kuba\.stmcufinder\plugins\mcufinder/ => C:\Users\kuba\.stmcufinder\plugins\mcufinder
2024-05-19 11:48:47,888 [INFO] ApiDb:250 - Set database path to: C:\Users\kuba\.stmcufinder\plugins\mcufinder//mcu/
2024-05-19 11:48:47,888 [WARN] DbFile:41 - Overriding database path with different value: C:\Users\kuba\.stmcufinder\plugins\mcufinder/ => C:\Users\kuba\.stmcufinder\plugins\mcufinder
2024-05-19 11:48:47,888 [INFO] DbMcusAds:125 - Set database path to: C:\Users\kuba\.stmcufinder\plugins\mcufinder//mcu/
2024-05-19 11:48:47,888 [WARN] DbFile:41 - Overriding database path with different value: C:\Users\kuba\.stmcufinder\plugins\mcufinder/ => C:\Users\kuba\.stmcufinder\plugins\mcufinder
2024-05-19 11:48:47,888 [WARN] DbFile:41 - Overriding database path with different value: C:\Users\kuba\.stmcufinder\plugins\mcufinder/ => C:\Users\kuba\.stmcufinder\plugins\mcufinder
2024-05-19 11:48:47,888 [INFO] CrossReferenceDbSqlite:203 - Set database path to: C:\Users\kuba\.stmcufinder\plugins\mcufinder//mcu/cs/
2024-05-19 11:48:47,986 [INFO] MainPanel:264 - HeapMemory: 268435456
2024-05-19 11:48:48,098 [INFO] DbMcusXml:78 - Set database path to: C:\ST\STM32CubeIDE_1.14.1\STM32CubeIDE\plugins\com.st.stm32cube.common.mx_6.10.0.202311202037\\db\/mcu/
2024-05-19 11:48:48,098 [INFO] ApiDb:274 - Set plugin database path to: C:\ST\STM32CubeIDE_1.14.1\STM32CubeIDE\plugins\com.st.stm32cube.common.mx_6.10.0.202311202037\\db\/plugins/boardmanager/
2024-05-19 11:48:48,098 [INFO] ApiDb:261 - Set plugin images path to: C:\ST\STM32CubeIDE_1.14.1\STM32CubeIDE\plugins\com.st.stm32cube.common.mx_6.10.0.202311202037\\db\/plugins/mcufinder/images/
2024-05-19 11:48:48,099 [WARN] DbFile:41 - Overriding database path with different value: C:\Users\kuba\.stmcufinder\plugins\mcufinder/ => C:\Users\kuba\.stmcufinder\plugins\mcufinder
2024-05-19 11:48:48,099 [INFO] ApiDb:250 - Set database path to: C:\Users\kuba\.stmcufinder\plugins\mcufinder//mcu/
2024-05-19 11:48:48,099 [WARN] DbFile:41 - Overriding database path with different value: C:\Users\kuba\.stmcufinder\plugins\mcufinder/ => C:\Users\kuba\.stmcufinder\plugins\mcufinder
2024-05-19 11:48:48,099 [INFO] DbMcusAds:125 - Set database path to: C:\Users\kuba\.stmcufinder\plugins\mcufinder//mcu/
2024-05-19 11:48:48,099 [WARN] DbFile:41 - Overriding database path with different value: C:\Users\kuba\.stmcufinder\plugins\mcufinder/ => C:\Users\kuba\.stmcufinder\plugins\mcufinder
2024-05-19 11:48:48,099 [WARN] DbFile:41 - Overriding database path with different value: C:\Users\kuba\.stmcufinder\plugins\mcufinder/ => C:\Users\kuba\.stmcufinder\plugins\mcufinder
2024-05-19 11:48:48,099 [INFO] CrossReferenceDbSqlite:203 - Set database path to: C:\Users\kuba\.stmcufinder\plugins\mcufinder//mcu/cs/
2024-05-19 11:48:48,121 [INFO] ApplicationProperties:184 - Using Application install path: C:\ST\STM32CubeIDE_1.14.1\STM32CubeIDE\plugins\com.st.stm32cube.common.mx_6.10.0.202311202037
2024-05-19 11:48:48,123 [INFO] PluginManage:196 - Search for loadable plugins [exclusion list=, ]
2024-05-19 11:48:48,125 [INFO] PluginManage:310 - Check plugin analytics
2024-05-19 11:49:19,372 [INFO] Activator:176 - 


2024-05-19 11:49:19,374 [INFO] Activator:177 - !SESSION log4j initialized
2024-05-19 11:49:22,302 [INFO] LogOutputStream:77 - [STDOUT_REDIRECT] 
